<?xml version="1.0" encoding="UTF-8"?>
<testsuite xmlns:xsi="http://www.w3.org/2001/XMLSchema-instance" xsi:noNamespaceSchemaLocation="https://maven.apache.org/surefire/maven-surefire-plugin/xsd/surefire-test-report-3.0.xsd" version="3.0" name="example.TestExample" time="10.37" tests="3" errors="0" skipped="0" failures="0">
  <properties>
    <property name="java.specification.version" value="21"/>
    <property name="sun.cpu.isalist" value="amd64"/>
    <property name="sun.jnu.encoding" value="Cp1252"/>
    <property name="java.class.path" value="C:\Users\qleap\automation\java-playwright-junit\target\test-classes;C:\Users\qleap\automation\java-playwright-junit\target\classes;C:\Users\qleap\.m2\repository\com\microsoft\playwright\playwright\1.41.0\playwright-1.41.0.jar;C:\Users\qleap\.m2\repository\com\google\code\gson\gson\2.8.9\gson-2.8.9.jar;C:\Users\qleap\.m2\repository\org\opentest4j\opentest4j\1.2.0\opentest4j-1.2.0.jar;C:\Users\qleap\.m2\repository\com\microsoft\playwright\driver\1.41.0\driver-1.41.0.jar;C:\Users\qleap\.m2\repository\com\microsoft\playwright\driver-bundle\1.41.0\driver-bundle-1.41.0.jar;C:\Users\qleap\.m2\repository\org\slf4j\slf4j-simple\2.0.2\slf4j-simple-2.0.2.jar;C:\Users\qleap\.m2\repository\org\slf4j\slf4j-api\2.0.2\slf4j-api-2.0.2.jar;C:\Users\qleap\.m2\repository\org\junit\jupiter\junit-jupiter-api\5.10.2\junit-jupiter-api-5.10.2.jar;C:\Users\qleap\.m2\repository\org\junit\platform\junit-platform-commons\1.10.2\junit-platform-commons-1.10.2.jar;C:\Users\qleap\.m2\repository\org\apiguardian\apiguardian-api\1.1.2\apiguardian-api-1.1.2.jar;"/>
    <property name="java.vm.vendor" value="Oracle Corporation"/>
    <property name="sun.arch.data.model" value="64"/>
    <property name="user.variant" value=""/>
    <property name="java.vendor.url" value="https://java.oracle.com/"/>
    <property name="user.timezone" value="Europe/Luxembourg"/>
    <property name="os.name" value="Windows 10"/>
    <property name="java.vm.specification.version" value="21"/>
    <property name="sun.java.launcher" value="SUN_STANDARD"/>
    <property name="user.country" value="US"/>
    <property name="sun.boot.library.path" value="C:\Program Files\Java\jdk-21\bin"/>
    <property name="sun.java.command" value="C:\Users\qleap\AppData\Local\Temp\surefire8537177576636821322\surefirebooter-20240205203740513_3.jar C:\Users\qleap\AppData\Local\Temp\surefire8537177576636821322 2024-02-05T20-37-39_962-jvmRun1 surefire-20240205203740513_1tmp surefire_0-20240205203740513_2tmp"/>
    <property name="jdk.debug" value="release"/>
    <property name="surefire.test.class.path" value="C:\Users\qleap\automation\java-playwright-junit\target\test-classes;C:\Users\qleap\automation\java-playwright-junit\target\classes;C:\Users\qleap\.m2\repository\com\microsoft\playwright\playwright\1.41.0\playwright-1.41.0.jar;C:\Users\qleap\.m2\repository\com\google\code\gson\gson\2.8.9\gson-2.8.9.jar;C:\Users\qleap\.m2\repository\org\opentest4j\opentest4j\1.2.0\opentest4j-1.2.0.jar;C:\Users\qleap\.m2\repository\com\microsoft\playwright\driver\1.41.0\driver-1.41.0.jar;C:\Users\qleap\.m2\repository\com\microsoft\playwright\driver-bundle\1.41.0\driver-bundle-1.41.0.jar;C:\Users\qleap\.m2\repository\org\slf4j\slf4j-simple\2.0.2\slf4j-simple-2.0.2.jar;C:\Users\qleap\.m2\repository\org\slf4j\slf4j-api\2.0.2\slf4j-api-2.0.2.jar;C:\Users\qleap\.m2\repository\org\junit\jupiter\junit-jupiter-api\5.10.2\junit-jupiter-api-5.10.2.jar;C:\Users\qleap\.m2\repository\org\junit\platform\junit-platform-commons\1.10.2\junit-platform-commons-1.10.2.jar;C:\Users\qleap\.m2\repository\org\apiguardian\apiguardian-api\1.1.2\apiguardian-api-1.1.2.jar;"/>
    <property name="sun.cpu.endian" value="little"/>
    <property name="user.home" value="C:\Users\qleap"/>
    <property name="user.language" value="en"/>
    <property name="java.specification.vendor" value="Oracle Corporation"/>
    <property name="java.version.date" value="2023-09-19"/>
    <property name="java.home" value="C:\Program Files\Java\jdk-21"/>
    <property name="file.separator" value="\"/>
    <property name="basedir" value="C:\Users\qleap\automation\java-playwright-junit"/>
    <property name="java.vm.compressedOopsMode" value="32-bit"/>
    <property name="line.separator" value="&#10;"/>
    <property name="java.vm.specification.vendor" value="Oracle Corporation"/>
    <property name="java.specification.name" value="Java Platform API Specification"/>
    <property name="surefire.real.class.path" value="C:\Users\qleap\AppData\Local\Temp\surefire8537177576636821322\surefirebooter-20240205203740513_3.jar"/>
    <property name="user.script" value=""/>
    <property name="sun.management.compiler" value="HotSpot 64-Bit Tiered Compilers"/>
    <property name="java.runtime.version" value="21+35-LTS-2513"/>
    <property name="user.name" value="qleap"/>
    <property name="stdout.encoding" value="Cp1252"/>
    <property name="path.separator" value=";"/>
    <property name="os.version" value="10.0"/>
    <property name="java.runtime.name" value="Java(TM) SE Runtime Environment"/>
    <property name="file.encoding" value="UTF-8"/>
    <property name="java.vm.name" value="Java HotSpot(TM) 64-Bit Server VM"/>
    <property name="localRepository" value="C:\Users\qleap\.m2\repository"/>
    <property name="java.vendor.url.bug" value="https://bugreport.java.com/bugreport/"/>
    <property name="java.io.tmpdir" value="C:\Users\qleap\AppData\Local\Temp\"/>
    <property name="java.version" value="21"/>
    <property name="user.dir" value="C:\Users\qleap\automation\java-playwright-junit"/>
    <property name="os.arch" value="amd64"/>
    <property name="java.vm.specification.name" value="Java Virtual Machine Specification"/>
    <property name="sun.os.patch.level" value=""/>
    <property name="native.encoding" value="Cp1252"/>
    <property name="java.library.path" value="C:\Program Files\Java\jdk-21\bin;C:\WINDOWS\Sun\Java\bin;C:\WINDOWS\system32;C:\WINDOWS;C:\Program Files\Common Files\Oracle\Java\javapath;C:\Python311\Scripts\;C:\Python311\;C:\WINDOWS\system32;C:\WINDOWS;C:\WINDOWS\System32\Wbem;C:\WINDOWS\System32\WindowsPowerShell\v1.0\;C:\WINDOWS\System32\OpenSSH\;C:\Apps\apache-maven-3.9.0\bin;C:\Program Files\Java\jdk-11.0.17\bin;C:\ProgramData\chocolatey\bin;C:\Users\qleap\AppData\Local\Postman\;C:\Program Files\Git\cmd;C:\Program Files\Microsoft SQL Server\150\Tools\Binn\;C:\Program Files\Microsoft SQL Server\Client SDK\ODBC\170\Tools\Binn\;C:\Program Files\dotnet\;C:\Users\qleap\AppData\Roaming\nvm;C:\Program Files\nodejs;C:\Users\qleap\.m2\repository\org\apache\maven\maven-artifact-manager\apache-maven-3.9.5\bin;C:\Program Files\GitHub CLI\;C:\Users\qleap\.cargo\bin;C:\Users\qleap\.windows-build-tools\python27\;C:\Users\qleap\AppData\Local\Microsoft\WindowsApps;C:\Program Files\JetBrains\IntelliJ IDEA Community Edition 2023.1\bin;C:\Users\qleap\AppData\Roaming\npm;C:\Users\qleap\.dotnet\tools;C:\tizen-studio\tools;C:\tizen-studio\ide;C:\Users\qleap\AppData\Roaming\nvm;C:\Program Files\nodejs;C:\Program Files\CMake\bin;C:\tools\opencv\build\bin;C:\Users\qleap\automation\gatling-charts-highcharts-bundle-3.9.5\bin;C:\Users\qleap\AppData\Local\Android\Sdk\platform-tools;C:\Users\qleap\nginx-1.24.0;C:\Users\qleap\sublime;C:\Program Files\Neovim\bin;C:\Program Files\Neovim\bin;C:\tools\neovim\nvim-win64\bin;;C:\Users\qleap\AppData\Local\Programs\Microsoft VS Code\bin;."/>
    <property name="java.vm.info" value="mixed mode, sharing"/>
    <property name="stderr.encoding" value="Cp1252"/>
    <property name="java.vendor" value="Oracle Corporation"/>
    <property name="java.vm.version" value="21+35-LTS-2513"/>
    <property name="sun.io.unicode.encoding" value="UnicodeLittle"/>
    <property name="java.class.version" value="65.0"/>
  </properties>
  <testcase name="shouldCheckTheBox" classname="example.TestExample" time="1.018"/>
  <testcase name="shouldClickButton" classname="example.TestExample" time="0.815"/>
  <testcase name="shouldSearchWiki" classname="example.TestExample" time="2.456"/>
</testsuite>